{
  "RSpec": {
    "coverage": {
      "/csce431/sprint-1-bhakti-yoga-club/app/models/member.rb": {
        "lines": [
          1,
          null,
          1,
          null,
          null,
          null,
          1,
          null,
          1,
          1,
          1,
          null,
          1,
          null,
          1,
          0,
          0,
          null,
          null,
          null,
          1,
          0,
          0,
          null,
          null
        ]
      },
      "/csce431/sprint-1-bhakti-yoga-club/app/models/application_record.rb": {
        "lines": [
          1,
          1,
          null
        ]
      },
      "/csce431/sprint-1-bhakti-yoga-club/app/helpers/announcements_helper.rb": {
        "lines": [
          1,
          1,
          null,
          0,
          null,
          null
        ]
      },
      "/csce431/sprint-1-bhakti-yoga-club/app/helpers/application_helper.rb": {
        "lines": [
          1,
          null
        ]
      },
      "/csce431/sprint-1-bhakti-yoga-club/app/helpers/attendances_helper.rb": {
        "lines": [
          1,
          1,
          null,
          0,
          null,
          null,
          null,
          null,
          null
        ]
      },
      "/csce431/sprint-1-bhakti-yoga-club/app/helpers/concerns_helper.rb": {
        "lines": [
          1,
          null
        ]
      },
      "/csce431/sprint-1-bhakti-yoga-club/app/helpers/events_helper.rb": {
        "lines": [
          1,
          null
        ]
      },
      "/csce431/sprint-1-bhakti-yoga-club/app/helpers/members_helper.rb": {
        "lines": [
          1,
          null
        ]
      },
      "/csce431/sprint-1-bhakti-yoga-club/app/helpers/pages_helper.rb": {
        "lines": [
          1,
          1,
          null,
          0,
          null,
          null
        ]
      },
      "/csce431/sprint-1-bhakti-yoga-club/app/controllers/announcements_controller.rb": {
        "lines": [
          null,
          1,
          null,
          1,
          1,
          null,
          1,
          1,
          null,
          null,
          1,
          null,
          null,
          1,
          0,
          null,
          null,
          1,
          null,
          null,
          null,
          1,
          0,
          null,
          0,
          0,
          null,
          0,
          0,
          null,
          null,
          null,
          null,
          null,
          null,
          null,
          null,
          null,
          null,
          null,
          0,
          0,
          null,
          null,
          0,
          null,
          0,
          0,
          null,
          null,
          null,
          null,
          null,
          1,
          0,
          null,
          0,
          0,
          0,
          null,
          0,
          null,
          null,
          null,
          null,
          1,
          0,
          null,
          0,
          0,
          null,
          null,
          null,
          1,
          1,
          3,
          1,
          null,
          null,
          1,
          1,
          null,
          null,
          null,
          null
        ]
      },
      "/csce431/sprint-1-bhakti-yoga-club/app/controllers/application_controller.rb": {
        "lines": [
          1,
          null,
          null,
          1,
          0,
          0,
          0,
          null,
          null,
          null,
          1,
          1,
          0,
          0,
          null,
          null,
          null,
          null
        ]
      },
      "/csce431/sprint-1-bhakti-yoga-club/app/models/announcement.rb": {
        "lines": [
          1,
          1,
          null,
          1,
          1,
          1,
          null,
          null
        ]
      }
    },
    "timestamp": 1709140156
  }
}
